Traceback (most recent call last):
  File "/usr/local/lib/python3.9/dist-packages/jupyter_cache/executors/utils.py", line 58, in single_nb_execution
    executenb(
  File "/usr/local/lib/python3.9/dist-packages/nbclient/client.py", line 1204, in execute
    return NotebookClient(nb=nb, resources=resources, km=km, **kwargs).execute()
  File "/usr/local/lib/python3.9/dist-packages/nbclient/util.py", line 84, in wrapped
    return just_run(coro(*args, **kwargs))
  File "/usr/local/lib/python3.9/dist-packages/nbclient/util.py", line 62, in just_run
    return loop.run_until_complete(coro)
  File "/usr/lib/python3.9/asyncio/base_events.py", line 647, in run_until_complete
    return future.result()
  File "/usr/local/lib/python3.9/dist-packages/nbclient/client.py", line 663, in async_execute
    await self.async_execute_cell(
  File "/usr/local/lib/python3.9/dist-packages/nbclient/client.py", line 965, in async_execute_cell
    await self._check_raise_for_error(cell, cell_index, exec_reply)
  File "/usr/local/lib/python3.9/dist-packages/nbclient/client.py", line 862, in _check_raise_for_error
    raise CellExecutionError.from_cell_and_msg(cell, exec_reply_content)
nbclient.exceptions.CellExecutionError: An error occurred while executing the following cell:
------------------
data_postgreSQLCloud= df.drop(['petallength','petalwidth','class'],axis=1)
data_postgreSQLCloud['sepallength'] = pd.to_numeric(data_postgreSQLCloud['sepallength'])
data_postgreSQLCloud['sepalwidth'] = pd.to_numeric(data_postgreSQLCloud['sepalwidth'])

print(data_postgreSQLCloud)
------------------

[0;31m[0m
[0;31mKeyError[0mTraceback (most recent call last)
[0;32m<ipython-input-13-26967c2e3213>[0m in [0;36m<module>[0;34m[0m
[0;32m----> 1[0;31m [0mdata_postgreSQLCloud[0m[0;34m=[0m [0mdf[0m[0;34m.[0m[0mdrop[0m[0;34m([0m[0;34m[[0m[0;34m'petallength'[0m[0;34m,[0m[0;34m'petalwidth'[0m[0;34m,[0m[0;34m'class'[0m[0;34m][0m[0;34m,[0m[0maxis[0m[0;34m=[0m[0;36m1[0m[0;34m)[0m[0;34m[0m[0;34m[0m[0m
[0m[1;32m      2[0m [0mdata_postgreSQLCloud[0m[0;34m[[0m[0;34m'sepallength'[0m[0;34m][0m [0;34m=[0m [0mpd[0m[0;34m.[0m[0mto_numeric[0m[0;34m([0m[0mdata_postgreSQLCloud[0m[0;34m[[0m[0;34m'sepallength'[0m[0;34m][0m[0;34m)[0m[0;34m[0m[0;34m[0m[0m
[1;32m      3[0m [0mdata_postgreSQLCloud[0m[0;34m[[0m[0;34m'sepalwidth'[0m[0;34m][0m [0;34m=[0m [0mpd[0m[0;34m.[0m[0mto_numeric[0m[0;34m([0m[0mdata_postgreSQLCloud[0m[0;34m[[0m[0;34m'sepalwidth'[0m[0;34m][0m[0;34m)[0m[0;34m[0m[0;34m[0m[0m
[1;32m      4[0m [0;34m[0m[0m
[1;32m      5[0m [0mprint[0m[0;34m([0m[0mdata_postgreSQLCloud[0m[0;34m)[0m[0;34m[0m[0;34m[0m[0m

[0;32m/usr/local/lib/python3.9/dist-packages/pandas/util/_decorators.py[0m in [0;36mwrapper[0;34m(*args, **kwargs)[0m
[1;32m    309[0m                     [0mstacklevel[0m[0;34m=[0m[0mstacklevel[0m[0;34m,[0m[0;34m[0m[0;34m[0m[0m
[1;32m    310[0m                 )
[0;32m--> 311[0;31m             [0;32mreturn[0m [0mfunc[0m[0;34m([0m[0;34m*[0m[0margs[0m[0;34m,[0m [0;34m**[0m[0mkwargs[0m[0;34m)[0m[0;34m[0m[0;34m[0m[0m
[0m[1;32m    312[0m [0;34m[0m[0m
[1;32m    313[0m         [0;32mreturn[0m [0mwrapper[0m[0;34m[0m[0;34m[0m[0m

[0;32m/usr/local/lib/python3.9/dist-packages/pandas/core/frame.py[0m in [0;36mdrop[0;34m(self, labels, axis, index, columns, level, inplace, errors)[0m
[1;32m   4955[0m                 [0mweight[0m  [0;36m1.0[0m     [0;36m0.8[0m[0;34m[0m[0;34m[0m[0m
[1;32m   4956[0m         """
[0;32m-> 4957[0;31m         return super().drop(
[0m[1;32m   4958[0m             [0mlabels[0m[0;34m=[0m[0mlabels[0m[0;34m,[0m[0;34m[0m[0;34m[0m[0m
[1;32m   4959[0m             [0maxis[0m[0;34m=[0m[0maxis[0m[0;34m,[0m[0;34m[0m[0;34m[0m[0m

[0;32m/usr/local/lib/python3.9/dist-packages/pandas/core/generic.py[0m in [0;36mdrop[0;34m(self, labels, axis, index, columns, level, inplace, errors)[0m
[1;32m   4265[0m         [0;32mfor[0m [0maxis[0m[0;34m,[0m [0mlabels[0m [0;32min[0m [0maxes[0m[0;34m.[0m[0mitems[0m[0;34m([0m[0;34m)[0m[0;34m:[0m[0;34m[0m[0;34m[0m[0m
[1;32m   4266[0m             [0;32mif[0m [0mlabels[0m [0;32mis[0m [0;32mnot[0m [0;32mNone[0m[0;34m:[0m[0;34m[0m[0;34m[0m[0m
[0;32m-> 4267[0;31m                 [0mobj[0m [0;34m=[0m [0mobj[0m[0;34m.[0m[0m_drop_axis[0m[0;34m([0m[0mlabels[0m[0;34m,[0m [0maxis[0m[0;34m,[0m [0mlevel[0m[0;34m=[0m[0mlevel[0m[0;34m,[0m [0merrors[0m[0;34m=[0m[0merrors[0m[0;34m)[0m[0;34m[0m[0;34m[0m[0m
[0m[1;32m   4268[0m [0;34m[0m[0m
[1;32m   4269[0m         [0;32mif[0m [0minplace[0m[0;34m:[0m[0;34m[0m[0;34m[0m[0m

[0;32m/usr/local/lib/python3.9/dist-packages/pandas/core/generic.py[0m in [0;36m_drop_axis[0;34m(self, labels, axis, level, errors, consolidate, only_slice)[0m
[1;32m   4309[0m                 [0mnew_axis[0m [0;34m=[0m [0maxis[0m[0;34m.[0m[0mdrop[0m[0;34m([0m[0mlabels[0m[0;34m,[0m [0mlevel[0m[0;34m=[0m[0mlevel[0m[0;34m,[0m [0merrors[0m[0;34m=[0m[0merrors[0m[0;34m)[0m[0;34m[0m[0;34m[0m[0m
[1;32m   4310[0m             [0;32melse[0m[0;34m:[0m[0;34m[0m[0;34m[0m[0m
[0;32m-> 4311[0;31m                 [0mnew_axis[0m [0;34m=[0m [0maxis[0m[0;34m.[0m[0mdrop[0m[0;34m([0m[0mlabels[0m[0;34m,[0m [0merrors[0m[0;34m=[0m[0merrors[0m[0;34m)[0m[0;34m[0m[0;34m[0m[0m
[0m[1;32m   4312[0m             [0mindexer[0m [0;34m=[0m [0maxis[0m[0;34m.[0m[0mget_indexer[0m[0;34m([0m[0mnew_axis[0m[0;34m)[0m[0;34m[0m[0;34m[0m[0m
[1;32m   4313[0m [0;34m[0m[0m

[0;32m/usr/local/lib/python3.9/dist-packages/pandas/core/indexes/base.py[0m in [0;36mdrop[0;34m(self, labels, errors)[0m
[1;32m   6659[0m         [0;32mif[0m [0mmask[0m[0;34m.[0m[0many[0m[0;34m([0m[0;34m)[0m[0;34m:[0m[0;34m[0m[0;34m[0m[0m
[1;32m   6660[0m             [0;32mif[0m [0merrors[0m [0;34m!=[0m [0;34m"ignore"[0m[0;34m:[0m[0;34m[0m[0;34m[0m[0m
[0;32m-> 6661[0;31m                 [0;32mraise[0m [0mKeyError[0m[0;34m([0m[0;34mf"{list(labels[mask])} not found in axis"[0m[0;34m)[0m[0;34m[0m[0;34m[0m[0m
[0m[1;32m   6662[0m             [0mindexer[0m [0;34m=[0m [0mindexer[0m[0;34m[[0m[0;34m~[0m[0mmask[0m[0;34m][0m[0;34m[0m[0;34m[0m[0m
[1;32m   6663[0m         [0;32mreturn[0m [0mself[0m[0;34m.[0m[0mdelete[0m[0;34m([0m[0mindexer[0m[0;34m)[0m[0;34m[0m[0;34m[0m[0m

[0;31mKeyError[0m: "['petallength'] not found in axis"
KeyError: "['petallength'] not found in axis"

